<?xml version="1.0" encoding="UTF-8"?>
<testsuite name="org.game.rpg.game.actions.GameModeFactoryTest" tests="2" skipped="0" failures="0" errors="0" timestamp="2018-03-18T22:36:14" hostname="Amit-PC" time="0.102">
  <properties/>
  <testcase name="getGameAction_ForResume_AndExpectInstanceOfResumeGame" classname="org.game.rpg.game.actions.GameModeFactoryTest" time="0.101"/>
  <testcase name="getGameAction_ForHelp_AndExpectInstanceOfGameHelp" classname="org.game.rpg.game.actions.GameModeFactoryTest" time="0.0"/>
  <system-out><![CDATA[]]></system-out>
  <system-err><![CDATA[]]></system-err>
</testsuite>
