<?xml version="1.0" encoding="UTF-8"?>
<testsuite name="org.game.rpg.game.map.operation.MoveDownCornerCaseTest" tests="2" skipped="0" failures="0" errors="0" timestamp="2018-03-18T22:36:14" hostname="Amit-PC" time="0.022">
  <properties/>
  <testcase name="performDownOperation_WhenUserCantGoDown" classname="org.game.rpg.game.map.operation.MoveDownCornerCaseTest" time="0.021"/>
  <testcase name="performDownOperation_WhenUserFindHealth" classname="org.game.rpg.game.map.operation.MoveDownCornerCaseTest" time="0.001"/>
  <system-out><![CDATA[You can not go to DOWN!
Congratulations!! Your health Increases by 50. Your health now is 200

]]></system-out>
  <system-err><![CDATA[]]></system-err>
</testsuite>
