<?xml version="1.0" encoding="UTF-8"?>
<testsuite name="org.game.rpg.game.actions.story.StoryTest" tests="1" skipped="0" failures="0" errors="0" timestamp="2018-03-18T22:36:14" hostname="Amit-PC" time="0.008">
  <properties/>
  <testcase name="storyAction" classname="org.game.rpg.game.actions.story.StoryTest" time="0.008"/>
  <system-out><![CDATA[

Welcome to Marvels Universe

This is a console based role playing game.
Where the universe is in danger and different planet is captured by different enemies.
As a user you have to play game, fight with enemies and save the universe

User has to choose a character from given character and create a profile to play and save universe.
User can navigate from one planet to another planet to fight enemies and beat them.

Each Hero Character is equipped with different number of weapons, each have different attack and defence power.
User can choose from the given no. of weapons to attack an enemy.

If user want to increase his health then there are different planet in universe which help him to increase his health.
User can visit these planets. After that user can again go to captured planets to kill enemies and save planet.

User can save game and resume game even after he exits game.
User can also exit game without even saving game.

Once all the enemies are killed user will win the game.

Good Luck.



 1. Return to main menu
 2. Exit game
Please put operation number

Exiting Game
]]></system-out>
  <system-err><![CDATA[]]></system-err>
</testsuite>
