<?xml version="1.0" encoding="UTF-8"?>
<testsuite name="org.game.rpg.game.map.operation.MoveRightCornerCaseTest" tests="2" skipped="0" failures="0" errors="0" timestamp="2018-03-18T22:36:14" hostname="Amit-PC" time="0.004">
  <properties/>
  <testcase name="performRightOperation_WhenUserFindHealth" classname="org.game.rpg.game.map.operation.MoveRightCornerCaseTest" time="0.002"/>
  <testcase name="performRightOperation_WhenUserCantGoRight" classname="org.game.rpg.game.map.operation.MoveRightCornerCaseTest" time="0.001"/>
  <system-out><![CDATA[Congratulations!! Your health Increases by 50. Your health now is 330

You can not go to RIGHT!
]]></system-out>
  <system-err><![CDATA[]]></system-err>
</testsuite>
